<?xml version="1.0" encoding="UTF-8"?>
<!-- Generated by org.testng.reporters.JUnitXMLReporter -->
<testsuite ignored="1" hostname="IN-PPM108528" failures="0" tests="3" name="Details" time="0.004" errors="0" timestamp="2023-09-16T20:24:50 IST">
  <testcase classname="S16_FrameworkPart1._131_RunningTestCasesUsingTestNG3" name="Demo" time="0.0"/>
  <testcase classname="S16_FrameworkPart1._131_RunningTestCasesUsingTestNG4" name="Demo" time="0.001"/>
  <testcase classname="S16_FrameworkPart1._131_RunningTestCasesUsingTestNG4" name="Demo2test" time="0.0"/>
  <testcase classname="S16_FrameworkPart1._131_RunningTestCasesUsingTestNG3" name="Demo2test" time="0.0">
    <ignored/>
  </testcase> <!-- Demo2test -->
</testsuite> <!-- Details -->
