<?xml version="1.0" encoding="UTF-8"?>
<!-- Generated by org.testng.reporters.JUnitXMLReporter -->
<testsuite ignored="0" hostname="IN-PPM108528" failures="0" tests="4" name="Full Name" time="0.005" errors="0" timestamp="2023-09-13T21:48:33 IST">
  <testcase classname="S16_FrameworkPart1._131_RunningTestCasesUsingTestNG2" name="Demo" time="0.001"/>
  <testcase classname="S16_FrameworkPart1._131_RunningTestCasesUsingTestNG2" name="Demo2test" time="0.001"/>
  <testcase classname="S16_FrameworkPart1._131_RunningTestCasesUsingTestNG3" name="Demo" time="0.001"/>
  <testcase classname="S16_FrameworkPart1._131_RunningTestCasesUsingTestNG3" name="Demo2test" time="0.001"/>
</testsuite> <!-- Full Name -->
