<?xml version="1.0" encoding="UTF-8"?>
<!-- Generated by org.testng.reporters.JUnitXMLReporter -->
<testsuite ignored="0" hostname="IN-PPM108528" failures="0" tests="4" name="Modules" time="0.028" errors="0" timestamp="2023-09-13T21:29:18 IST">
  <testcase classname="S16_FrameworkPart1._131_RunningTestCasesUsingTestNG" name="Demo" time="0.004"/>
  <testcase classname="S16_FrameworkPart1._131_RunningTestCasesUsingTestNG" name="Demo2test" time="0.0"/>
  <testcase classname="S16_FrameworkPart1._131_RunningTestCasesUsingTestNG2" name="Demo" time="0.001"/>
  <testcase classname="S16_FrameworkPart1._131_RunningTestCasesUsingTestNG2" name="Demo2test" time="0.001"/>
</testsuite> <!-- Modules -->
