<?xml version="1.0" encoding="UTF-8"?>
<!-- Generated by org.testng.reporters.JUnitXMLReporter -->
<testsuite ignored="2" hostname="IN-PPM108528" failures="0" tests="6" name="Regression" time="0.04" errors="0" timestamp="2023-09-16T21:55:58 IST">
  <testcase classname="S16_FrameworkPart1._131_RunningTestCasesUsingTestNG" name="Demo2test" time="0.005"/>
  <testcase classname="S16_FrameworkPart1._131_RunningTestCasesUsingTestNG2" name="Demo2test" time="0.001"/>
  <testcase classname="S16_FrameworkPart1._131_RunningTestCasesUsingTestNG3" name="Demo2test" time="0.0"/>
  <testcase classname="S16_FrameworkPart1._131_RunningTestCasesUsingTestNG3" name="Demo" time="0.001"/>
  <testcase classname="S16_FrameworkPart1._131_RunningTestCasesUsingTestNG4" name="Demo2test" time="0.001"/>
  <testcase classname="S16_FrameworkPart1._131_RunningTestCasesUsingTestNG4" name="Demo" time="0.0"/>
  <testcase classname="S16_FrameworkPart1._131_RunningTestCasesUsingTestNG2" name="Demo" time="0.0">
    <ignored/>
  </testcase> <!-- Demo -->
  <testcase classname="S16_FrameworkPart1._131_RunningTestCasesUsingTestNG" name="Demo" time="0.0">
    <ignored/>
  </testcase> <!-- Demo -->
</testsuite> <!-- Regression -->
